<test-run id="2" testcasecount="16" result="Passed" start-time="2026-04-17 10:04:23.662080" end-time="2026-04-17 10:04:25.029489" duration="1" total="16" passed="16" failed="0" inconclusive="0" skipped="0" asserts="0" clr-version="3.11.7 (tags/v3.11.7:fa7a6f2, Dec  4 2023, 19:24:49) [MSC v.1937 64 bit (AMD64)]" engine-version="3.6.2"><command-line>C:\Users\ASHUTOSH MISHRA\AppData\Local\Programs\Python\Python311\Scripts\pytest -q tests/regression</command-line><filter><test re="0">tests/regression</test></filter><test-suite id="tests/regression/test_frozen_metrics.py" name="tests/regression/test_frozen_metrics.py" fullname="tests/regression/test_frozen_metrics.py" methodname="" classname="" runstate="Runnable" type="Assembly" testcasecount="16" result="Passed" label="Regression tests that freeze the currently-reported numbers.&#10;&#10;Rationale&#10;---------&#10;The paper RESEARCH_PAPER_FINAL_v3.md and README.md cite specific numbers&#10;(96.15% Config A accuracy, ₹294.33 EML, etc.). These numbers are produced by&#10;evaluate/*.py scripts and cached in evaluate/results/*.json. This test file&#10;simply re-reads the JSONs and asserts the headline values are unchanged, so&#10;that CI fails loudly if somebody silently edits a result file.&#10;&#10;Running&#10;-------&#10;    pytest -q tests/regression/test_frozen_metrics.py&#10;&#10;Tolerances&#10;----------&#10;All floating-point comparisons use atol=5e-4 (i.e. ±0.05%) which is below the&#10;rounding precision in the paper." start-time="2026-04-17 10:04:25.013286" end-time="2026-04-17 10:04:25.029489" duration="0.016203" asserts="0" total="16" passed="16" failed="0" warnings="0" inconclusive="0" skipped="0"><properties><property name="python_version" value="3.11.7 (tags/v3.11.7:fa7a6f2, Dec  4 2023, 19:24:49) [MSC v.1937 64 bit (AMD64)]" /></properties><test-case id="100" name="tests/regression/test_frozen_metrics.py::test_ablation_config_a_accuracy_frozen" fullname="tests/regression/test_frozen_metrics.py::test_ablation_config_a_accuracy_frozen" methodname="test_ablation_config_a_accuracy_frozen" classname="tests/regression/test_frozen_metrics.py" runstate="Runnable" seed="1" result="Passed" label="" start-time="2026-04-17 10:04:25.013286" end-time="2026-04-17 10:04:25.013286" duration="0.0" asserts="0"><properties><property name="python-version" value="3.11.7 (tags/v3.11.7:fa7a6f2, Dec  4 2023, 19:24:49) [MSC v.1937 64 bit (AMD64)]" /><property name="fspath" value="tests/regression/test_frozen_metrics.py" /></properties><environment framework-version="3.6.2" clr-version="3.11.7 (tags/v3.11.7:fa7a6f2, Dec  4 2023, 19:24:49) [MSC v.1937 64 bit (AMD64)]" os-version="10" platform="Windows" cwd="D:\Projects\agri-drone" machine-name="AMD64" user="" user-domain="" culture="en_IN" uiculture="en_IN" os-architecture="64bit" /><failure><message><![CDATA[]]></message><stack-trace><![CDATA[None]]></stack-trace></failure><reason><message><![CDATA[]]></message></reason><output><![CDATA[]]></output></test-case><test-case id="101" name="tests/regression/test_frozen_metrics.py::test_ablation_config_b_accuracy_frozen" fullname="tests/regression/test_frozen_metrics.py::test_ablation_config_b_accuracy_frozen" methodname="test_ablation_config_b_accuracy_frozen" classname="tests/regression/test_frozen_metrics.py" runstate="Runnable" seed="1" result="Passed" label="" start-time="2026-04-17 10:04:25.013286" end-time="2026-04-17 10:04:25.013286" duration="0.0" asserts="0"><properties><property name="python-version" value="3.11.7 (tags/v3.11.7:fa7a6f2, Dec  4 2023, 19:24:49) [MSC v.1937 64 bit (AMD64)]" /><property name="fspath" value="tests/regression/test_frozen_metrics.py" /></properties><environment framework-version="3.6.2" clr-version="3.11.7 (tags/v3.11.7:fa7a6f2, Dec  4 2023, 19:24:49) [MSC v.1937 64 bit (AMD64)]" os-version="10" platform="Windows" cwd="D:\Projects\agri-drone" machine-name="AMD64" user="" user-domain="" culture="en_IN" uiculture="en_IN" os-architecture="64bit" /><failure><message><![CDATA[]]></message><stack-trace><![CDATA[None]]></stack-trace></failure><reason><message><![CDATA[]]></message></reason><output><![CDATA[]]></output></test-case><test-case id="102" name="tests/regression/test_frozen_metrics.py::test_ablation_config_c_accuracy_frozen" fullname="tests/regression/test_frozen_metrics.py::test_ablation_config_c_accuracy_frozen" methodname="test_ablation_config_c_accuracy_frozen" classname="tests/regression/test_frozen_metrics.py" runstate="Runnable" seed="1" result="Passed" label="" start-time="2026-04-17 10:04:25.013286" end-time="2026-04-17 10:04:25.013286" duration="0.0" asserts="0"><properties><property name="python-version" value="3.11.7 (tags/v3.11.7:fa7a6f2, Dec  4 2023, 19:24:49) [MSC v.1937 64 bit (AMD64)]" /><property name="fspath" value="tests/regression/test_frozen_metrics.py" /></properties><environment framework-version="3.6.2" clr-version="3.11.7 (tags/v3.11.7:fa7a6f2, Dec  4 2023, 19:24:49) [MSC v.1937 64 bit (AMD64)]" os-version="10" platform="Windows" cwd="D:\Projects\agri-drone" machine-name="AMD64" user="" user-domain="" culture="en_IN" uiculture="en_IN" os-architecture="64bit" /><failure><message><![CDATA[]]></message><stack-trace><![CDATA[None]]></stack-trace></failure><reason><message><![CDATA[]]></message></reason><output><![CDATA[]]></output></test-case><test-case id="103" name="tests/regression/test_frozen_metrics.py::test_ablation_macro_f1_frozen" fullname="tests/regression/test_frozen_metrics.py::test_ablation_macro_f1_frozen" methodname="test_ablation_macro_f1_frozen" classname="tests/regression/test_frozen_metrics.py" runstate="Runnable" seed="1" result="Passed" label="" start-time="2026-04-17 10:04:25.013286" end-time="2026-04-17 10:04:25.013286" duration="0.0" asserts="0"><properties><property name="python-version" value="3.11.7 (tags/v3.11.7:fa7a6f2, Dec  4 2023, 19:24:49) [MSC v.1937 64 bit (AMD64)]" /><property name="fspath" value="tests/regression/test_frozen_metrics.py" /></properties><environment framework-version="3.6.2" clr-version="3.11.7 (tags/v3.11.7:fa7a6f2, Dec  4 2023, 19:24:49) [MSC v.1937 64 bit (AMD64)]" os-version="10" platform="Windows" cwd="D:\Projects\agri-drone" machine-name="AMD64" user="" user-domain="" culture="en_IN" uiculture="en_IN" os-architecture="64bit" /><failure><message><![CDATA[]]></message><stack-trace><![CDATA[None]]></stack-trace></failure><reason><message><![CDATA[]]></message></reason><output><![CDATA[]]></output></test-case><test-case id="104" name="tests/regression/test_frozen_metrics.py::test_ablation_mcc_frozen" fullname="tests/regression/test_frozen_metrics.py::test_ablation_mcc_frozen" methodname="test_ablation_mcc_frozen" classname="tests/regression/test_frozen_metrics.py" runstate="Runnable" seed="1" result="Passed" label="" start-time="2026-04-17 10:04:25.013286" end-time="2026-04-17 10:04:25.013286" duration="0.0" asserts="0"><properties><property name="python-version" value="3.11.7 (tags/v3.11.7:fa7a6f2, Dec  4 2023, 19:24:49) [MSC v.1937 64 bit (AMD64)]" /><property name="fspath" value="tests/regression/test_frozen_metrics.py" /></properties><environment framework-version="3.6.2" clr-version="3.11.7 (tags/v3.11.7:fa7a6f2, Dec  4 2023, 19:24:49) [MSC v.1937 64 bit (AMD64)]" os-version="10" platform="Windows" cwd="D:\Projects\agri-drone" machine-name="AMD64" user="" user-domain="" culture="en_IN" uiculture="en_IN" os-architecture="64bit" /><failure><message><![CDATA[]]></message><stack-trace><![CDATA[None]]></stack-trace></failure><reason><message><![CDATA[]]></message></reason><output><![CDATA[]]></output></test-case><test-case id="105" name="tests/regression/test_frozen_metrics.py::test_ablation_sample_count_frozen" fullname="tests/regression/test_frozen_metrics.py::test_ablation_sample_count_frozen" methodname="test_ablation_sample_count_frozen" classname="tests/regression/test_frozen_metrics.py" runstate="Runnable" seed="1" result="Passed" label="" start-time="2026-04-17 10:04:25.013286" end-time="2026-04-17 10:04:25.013286" duration="0.0" asserts="0"><properties><property name="python-version" value="3.11.7 (tags/v3.11.7:fa7a6f2, Dec  4 2023, 19:24:49) [MSC v.1937 64 bit (AMD64)]" /><property name="fspath" value="tests/regression/test_frozen_metrics.py" /></properties><environment framework-version="3.6.2" clr-version="3.11.7 (tags/v3.11.7:fa7a6f2, Dec  4 2023, 19:24:49) [MSC v.1937 64 bit (AMD64)]" os-version="10" platform="Windows" cwd="D:\Projects\agri-drone" machine-name="AMD64" user="" user-domain="" culture="en_IN" uiculture="en_IN" os-architecture="64bit" /><failure><message><![CDATA[]]></message><stack-trace><![CDATA[None]]></stack-trace></failure><reason><message><![CDATA[]]></message></reason><output><![CDATA[]]></output></test-case><test-case id="106" name="tests/regression/test_frozen_metrics.py::test_mcnemar_a_vs_b_not_significant" fullname="tests/regression/test_frozen_metrics.py::test_mcnemar_a_vs_b_not_significant" methodname="test_mcnemar_a_vs_b_not_significant" classname="tests/regression/test_frozen_metrics.py" runstate="Runnable" seed="1" result="Passed" label="" start-time="2026-04-17 10:04:25.013286" end-time="2026-04-17 10:04:25.013286" duration="0.0" asserts="0"><properties><property name="python-version" value="3.11.7 (tags/v3.11.7:fa7a6f2, Dec  4 2023, 19:24:49) [MSC v.1937 64 bit (AMD64)]" /><property name="fspath" value="tests/regression/test_frozen_metrics.py" /></properties><environment framework-version="3.6.2" clr-version="3.11.7 (tags/v3.11.7:fa7a6f2, Dec  4 2023, 19:24:49) [MSC v.1937 64 bit (AMD64)]" os-version="10" platform="Windows" cwd="D:\Projects\agri-drone" machine-name="AMD64" user="" user-domain="" culture="en_IN" uiculture="en_IN" os-architecture="64bit" /><failure><message><![CDATA[]]></message><stack-trace><![CDATA[None]]></stack-trace></failure><reason><message><![CDATA[]]></message></reason><output><![CDATA[]]></output></test-case><test-case id="107" name="tests/regression/test_frozen_metrics.py::test_bootstrap_ci_config_a_accuracy" fullname="tests/regression/test_frozen_metrics.py::test_bootstrap_ci_config_a_accuracy" methodname="test_bootstrap_ci_config_a_accuracy" classname="tests/regression/test_frozen_metrics.py" runstate="Runnable" seed="1" result="Passed" label="" start-time="2026-04-17 10:04:25.013286" end-time="2026-04-17 10:04:25.013286" duration="0.0" asserts="0"><properties><property name="python-version" value="3.11.7 (tags/v3.11.7:fa7a6f2, Dec  4 2023, 19:24:49) [MSC v.1937 64 bit (AMD64)]" /><property name="fspath" value="tests/regression/test_frozen_metrics.py" /></properties><environment framework-version="3.6.2" clr-version="3.11.7 (tags/v3.11.7:fa7a6f2, Dec  4 2023, 19:24:49) [MSC v.1937 64 bit (AMD64)]" os-version="10" platform="Windows" cwd="D:\Projects\agri-drone" machine-name="AMD64" user="" user-domain="" culture="en_IN" uiculture="en_IN" os-architecture="64bit" /><failure><message><![CDATA[]]></message><stack-trace><![CDATA[None]]></stack-trace></failure><reason><message><![CDATA[]]></message></reason><output><![CDATA[]]></output></test-case><test-case id="108" name="tests/regression/test_frozen_metrics.py::test_eml_total_a_frozen" fullname="tests/regression/test_frozen_metrics.py::test_eml_total_a_frozen" methodname="test_eml_total_a_frozen" classname="tests/regression/test_frozen_metrics.py" runstate="Runnable" seed="1" result="Passed" label="" start-time="2026-04-17 10:04:25.013286" end-time="2026-04-17 10:04:25.026459" duration="0.013173" asserts="0"><properties><property name="python-version" value="3.11.7 (tags/v3.11.7:fa7a6f2, Dec  4 2023, 19:24:49) [MSC v.1937 64 bit (AMD64)]" /><property name="fspath" value="tests/regression/test_frozen_metrics.py" /></properties><environment framework-version="3.6.2" clr-version="3.11.7 (tags/v3.11.7:fa7a6f2, Dec  4 2023, 19:24:49) [MSC v.1937 64 bit (AMD64)]" os-version="10" platform="Windows" cwd="D:\Projects\agri-drone" machine-name="AMD64" user="" user-domain="" culture="en_IN" uiculture="en_IN" os-architecture="64bit" /><failure><message><![CDATA[]]></message><stack-trace><![CDATA[None]]></stack-trace></failure><reason><message><![CDATA[]]></message></reason><output><![CDATA[]]></output></test-case><test-case id="109" name="tests/regression/test_frozen_metrics.py::test_eml_total_b_frozen" fullname="tests/regression/test_frozen_metrics.py::test_eml_total_b_frozen" methodname="test_eml_total_b_frozen" classname="tests/regression/test_frozen_metrics.py" runstate="Runnable" seed="1" result="Passed" label="" start-time="2026-04-17 10:04:25.026459" end-time="2026-04-17 10:04:25.027489" duration="0.00103" asserts="0"><properties><property name="python-version" value="3.11.7 (tags/v3.11.7:fa7a6f2, Dec  4 2023, 19:24:49) [MSC v.1937 64 bit (AMD64)]" /><property name="fspath" value="tests/regression/test_frozen_metrics.py" /></properties><environment framework-version="3.6.2" clr-version="3.11.7 (tags/v3.11.7:fa7a6f2, Dec  4 2023, 19:24:49) [MSC v.1937 64 bit (AMD64)]" os-version="10" platform="Windows" cwd="D:\Projects\agri-drone" machine-name="AMD64" user="" user-domain="" culture="en_IN" uiculture="en_IN" os-architecture="64bit" /><failure><message><![CDATA[]]></message><stack-trace><![CDATA[None]]></stack-trace></failure><reason><message><![CDATA[]]></message></reason><output><![CDATA[]]></output></test-case><test-case id="110" name="tests/regression/test_frozen_metrics.py::test_eml_delta_pct_frozen" fullname="tests/regression/test_frozen_metrics.py::test_eml_delta_pct_frozen" methodname="test_eml_delta_pct_frozen" classname="tests/regression/test_frozen_metrics.py" runstate="Runnable" seed="1" result="Passed" label="" start-time="2026-04-17 10:04:25.027489" end-time="2026-04-17 10:04:25.028469" duration="0.00098" asserts="0"><properties><property name="python-version" value="3.11.7 (tags/v3.11.7:fa7a6f2, Dec  4 2023, 19:24:49) [MSC v.1937 64 bit (AMD64)]" /><property name="fspath" value="tests/regression/test_frozen_metrics.py" /></properties><environment framework-version="3.6.2" clr-version="3.11.7 (tags/v3.11.7:fa7a6f2, Dec  4 2023, 19:24:49) [MSC v.1937 64 bit (AMD64)]" os-version="10" platform="Windows" cwd="D:\Projects\agri-drone" machine-name="AMD64" user="" user-domain="" culture="en_IN" uiculture="en_IN" os-architecture="64bit" /><failure><message><![CDATA[]]></message><stack-trace><![CDATA[None]]></stack-trace></failure><reason><message><![CDATA[]]></message></reason><output><![CDATA[]]></output></test-case><test-case id="111" name="tests/regression/test_frozen_metrics.py::test_pdt_specificity_is_zero" fullname="tests/regression/test_frozen_metrics.py::test_pdt_specificity_is_zero" methodname="test_pdt_specificity_is_zero" classname="tests/regression/test_frozen_metrics.py" runstate="Runnable" seed="1" result="Passed" label="Locks the honest-but-degenerate PDT result.&#10;&#10;    The v3 paper reports specificity=0 (every healthy image misclassified).&#10;    This test ensures that number does not silently drift until Step 6 produces&#10;    a proper threshold-sweep replacement in evaluate/results/v2/." start-time="2026-04-17 10:04:25.028469" end-time="2026-04-17 10:04:25.028469" duration="0.0" asserts="0"><properties><property name="python-version" value="3.11.7 (tags/v3.11.7:fa7a6f2, Dec  4 2023, 19:24:49) [MSC v.1937 64 bit (AMD64)]" /><property name="fspath" value="tests/regression/test_frozen_metrics.py" /></properties><environment framework-version="3.6.2" clr-version="3.11.7 (tags/v3.11.7:fa7a6f2, Dec  4 2023, 19:24:49) [MSC v.1937 64 bit (AMD64)]" os-version="10" platform="Windows" cwd="D:\Projects\agri-drone" machine-name="AMD64" user="" user-domain="" culture="en_IN" uiculture="en_IN" os-architecture="64bit" /><failure><message><![CDATA[]]></message><stack-trace><![CDATA[None]]></stack-trace></failure><reason><message><![CDATA[]]></message></reason><output><![CDATA[]]></output></test-case><test-case id="112" name="tests/regression/test_frozen_metrics.py::test_pdt_accuracy_frozen" fullname="tests/regression/test_frozen_metrics.py::test_pdt_accuracy_frozen" methodname="test_pdt_accuracy_frozen" classname="tests/regression/test_frozen_metrics.py" runstate="Runnable" seed="1" result="Passed" label="" start-time="2026-04-17 10:04:25.029489" end-time="2026-04-17 10:04:25.029489" duration="0.0" asserts="0"><properties><property name="python-version" value="3.11.7 (tags/v3.11.7:fa7a6f2, Dec  4 2023, 19:24:49) [MSC v.1937 64 bit (AMD64)]" /><property name="fspath" value="tests/regression/test_frozen_metrics.py" /></properties><environment framework-version="3.6.2" clr-version="3.11.7 (tags/v3.11.7:fa7a6f2, Dec  4 2023, 19:24:49) [MSC v.1937 64 bit (AMD64)]" os-version="10" platform="Windows" cwd="D:\Projects\agri-drone" machine-name="AMD64" user="" user-domain="" culture="en_IN" uiculture="en_IN" os-architecture="64bit" /><failure><message><![CDATA[]]></message><stack-trace><![CDATA[None]]></stack-trace></failure><reason><message><![CDATA[]]></message></reason><output><![CDATA[]]></output></test-case><test-case id="113" name="tests/regression/test_frozen_metrics.py::test_efficientnet_baseline_frozen" fullname="tests/regression/test_frozen_metrics.py::test_efficientnet_baseline_frozen" methodname="test_efficientnet_baseline_frozen" classname="tests/regression/test_frozen_metrics.py" runstate="Runnable" seed="1" result="Passed" label="" start-time="2026-04-17 10:04:25.029489" end-time="2026-04-17 10:04:25.029489" duration="0.0" asserts="0"><properties><property name="python-version" value="3.11.7 (tags/v3.11.7:fa7a6f2, Dec  4 2023, 19:24:49) [MSC v.1937 64 bit (AMD64)]" /><property name="fspath" value="tests/regression/test_frozen_metrics.py" /></properties><environment framework-version="3.6.2" clr-version="3.11.7 (tags/v3.11.7:fa7a6f2, Dec  4 2023, 19:24:49) [MSC v.1937 64 bit (AMD64)]" os-version="10" platform="Windows" cwd="D:\Projects\agri-drone" machine-name="AMD64" user="" user-domain="" culture="en_IN" uiculture="en_IN" os-architecture="64bit" /><failure><message><![CDATA[]]></message><stack-trace><![CDATA[None]]></stack-trace></failure><reason><message><![CDATA[]]></message></reason><output><![CDATA[]]></output></test-case><test-case id="114" name="tests/regression/test_frozen_metrics.py::test_sensitivity_grid_size_frozen" fullname="tests/regression/test_frozen_metrics.py::test_sensitivity_grid_size_frozen" methodname="test_sensitivity_grid_size_frozen" classname="tests/regression/test_frozen_metrics.py" runstate="Runnable" seed="1" result="Passed" label="" start-time="2026-04-17 10:04:25.029489" end-time="2026-04-17 10:04:25.029489" duration="0.0" asserts="0"><properties><property name="python-version" value="3.11.7 (tags/v3.11.7:fa7a6f2, Dec  4 2023, 19:24:49) [MSC v.1937 64 bit (AMD64)]" /><property name="fspath" value="tests/regression/test_frozen_metrics.py" /></properties><environment framework-version="3.6.2" clr-version="3.11.7 (tags/v3.11.7:fa7a6f2, Dec  4 2023, 19:24:49) [MSC v.1937 64 bit (AMD64)]" os-version="10" platform="Windows" cwd="D:\Projects\agri-drone" machine-name="AMD64" user="" user-domain="" culture="en_IN" uiculture="en_IN" os-architecture="64bit" /><failure><message><![CDATA[]]></message><stack-trace><![CDATA[None]]></stack-trace></failure><reason><message><![CDATA[]]></message></reason><output><![CDATA[]]></output></test-case><test-case id="115" name="tests/regression/test_frozen_metrics.py::test_robustness_clean_accuracy_frozen" fullname="tests/regression/test_frozen_metrics.py::test_robustness_clean_accuracy_frozen" methodname="test_robustness_clean_accuracy_frozen" classname="tests/regression/test_frozen_metrics.py" runstate="Runnable" seed="1" result="Passed" label="" start-time="2026-04-17 10:04:25.029489" end-time="2026-04-17 10:04:25.029489" duration="0.0" asserts="0"><properties><property name="python-version" value="3.11.7 (tags/v3.11.7:fa7a6f2, Dec  4 2023, 19:24:49) [MSC v.1937 64 bit (AMD64)]" /><property name="fspath" value="tests/regression/test_frozen_metrics.py" /></properties><environment framework-version="3.6.2" clr-version="3.11.7 (tags/v3.11.7:fa7a6f2, Dec  4 2023, 19:24:49) [MSC v.1937 64 bit (AMD64)]" os-version="10" platform="Windows" cwd="D:\Projects\agri-drone" machine-name="AMD64" user="" user-domain="" culture="en_IN" uiculture="en_IN" os-architecture="64bit" /><failure><message><![CDATA[]]></message><stack-trace><![CDATA[None]]></stack-trace></failure><reason><message><![CDATA[]]></message></reason><output><![CDATA[]]></output></test-case><environment framework-version="3.6.2" clr-version="3.11.7 (tags/v3.11.7:fa7a6f2, Dec  4 2023, 19:24:49) [MSC v.1937 64 bit (AMD64)]" os-version="10" platform="Windows" cwd="D:\Projects\agri-drone" machine-name="AMD64" user="" user-domain="" culture="en_IN" uiculture="en_IN" os-architecture="64bit" /></test-suite></test-run>